2023-04-03T07:31:45.140+02:00  INFO 10292 --- [main] c.e.o.OrderExerciseApplication           : Starting OrderExerciseApplication using Java 19.0.2 with PID 10292 (C:\Users\ppauwelb\IdeaProjects\Order_Exercise\target\classes started by ppauwelb in C:\Users\ppauwelb\IdeaProjects\Order_Exercise)
2023-04-03T07:31:45.153+02:00  INFO 10292 --- [main] c.e.o.OrderExerciseApplication           : No active profile set, falling back to 1 default profile: "default"
2023-04-03T07:31:47.135+02:00  INFO 10292 --- [main] o.s.b.w.embedded.tomcat.TomcatWebServer  : Tomcat initialized with port(s): 8080 (http)
2023-04-03T07:31:47.150+02:00  INFO 10292 --- [main] o.apache.catalina.core.StandardService   : Starting service [Tomcat]
2023-04-03T07:31:47.150+02:00  INFO 10292 --- [main] o.apache.catalina.core.StandardEngine    : Starting Servlet engine: [Apache Tomcat/10.1.7]
2023-04-03T07:31:47.302+02:00  INFO 10292 --- [main] o.a.c.c.C.[Tomcat].[localhost].[/]       : Initializing Spring embedded WebApplicationContext
2023-04-03T07:31:47.303+02:00  INFO 10292 --- [main] w.s.c.ServletWebServerApplicationContext : Root WebApplicationContext: initialization completed in 2062 ms
2023-04-03T07:31:47.415+02:00  WARN 10292 --- [main] c.e.o.repository.UserRepository          : Dummy00 item - only for debugging purposes Warhammer: Crimson Fists
2023-04-03T07:31:47.416+02:00  WARN 10292 --- [main] c.e.o.repository.UserRepository          : Dummy01 item - only for debugging purposes Batman: The Long Halloween
2023-04-03T07:31:47.417+02:00  WARN 10292 --- [main] c.e.o.repository.UserRepository          : Dummy02 item - only for debugging purposes The Dwarves: Triumph
2023-04-03T07:31:47.457+02:00  WARN 10292 --- [main] c.e.o.repository.UserRepository          : Admin mail - only for debugging purposes pieter@mail.com
2023-04-03T07:31:47.457+02:00  WARN 10292 --- [main] c.e.o.repository.UserRepository          : Dummy00 mail - only for debugging purposes dummy00@mail.com
2023-04-03T07:31:47.458+02:00  WARN 10292 --- [main] c.e.o.repository.UserRepository          : Dummy00 mail - only for debugging purposes dummy01@mail.com
2023-04-03T07:31:48.914+02:00  INFO 10292 --- [main] o.s.b.w.embedded.tomcat.TomcatWebServer  : Tomcat started on port(s): 8080 (http) with context path ''
2023-04-03T07:31:48.928+02:00  INFO 10292 --- [main] c.e.o.OrderExerciseApplication           : Started OrderExerciseApplication in 4.402 seconds (process running for 9.306)
2023-04-03T07:32:06.152+02:00  INFO 10292 --- [http-nio-8080-exec-1] o.a.c.c.C.[Tomcat].[localhost].[/]       : Initializing Spring DispatcherServlet 'dispatcherServlet'
2023-04-03T07:32:06.154+02:00  INFO 10292 --- [http-nio-8080-exec-1] o.s.web.servlet.DispatcherServlet        : Initializing Servlet 'dispatcherServlet'
2023-04-03T07:32:06.155+02:00  INFO 10292 --- [http-nio-8080-exec-1] o.s.web.servlet.DispatcherServlet        : Completed initialization in 1 ms
2023-04-03T07:32:07.109+02:00  WARN 10292 --- [http-nio-8080-exec-6] ocalVariableTableParameterNameDiscoverer : Using deprecated '-debug' fallback for parameter name resolution. Compile the affected code with '-parameters' instead or avoid its introspection: com.example.order_exercise.controller.UserController
2023-04-03T07:32:07.301+02:00  WARN 10292 --- [http-nio-8080-exec-6] ocalVariableTableParameterNameDiscoverer : Using deprecated '-debug' fallback for parameter name resolution. Compile the affected code with '-parameters' instead or avoid its introspection: com.example.order_exercise.controller.ItemController
2023-04-03T07:32:07.385+02:00  WARN 10292 --- [http-nio-8080-exec-6] ocalVariableTableParameterNameDiscoverer : Using deprecated '-debug' fallback for parameter name resolution. Compile the affected code with '-parameters' instead or avoid its introspection: com.example.order_exercise.controller.OrderController
2023-04-03T07:32:07.442+02:00  WARN 10292 --- [http-nio-8080-exec-6] ocalVariableTableParameterNameDiscoverer : Using deprecated '-debug' fallback for parameter name resolution. Compile the affected code with '-parameters' instead or avoid its introspection: com.example.order_exercise.controller.LoginController
2023-04-03T07:32:07.467+02:00  INFO 10292 --- [http-nio-8080-exec-6] o.springdoc.api.AbstractOpenApiResource  : Init duration for springdoc-openapi is: 507 ms
2023-04-03T07:33:50.290+02:00  INFO 10292 --- [http-nio-8080-exec-8] c.e.o.repository.UserRepository          : Valid command
2023-04-03T07:34:22.700+02:00  INFO 10292 --- [http-nio-8080-exec-2] c.e.o.repository.UserRepository          : Valid command
2023-04-03T08:48:53.460+02:00  INFO 14040 --- [main] c.e.o.OrderExerciseApplication           : Starting OrderExerciseApplication using Java 19.0.2 with PID 14040 (C:\Users\ppauwelb\IdeaProjects\Order_Exercise\target\classes started by ppauwelb in C:\Users\ppauwelb\IdeaProjects\Order_Exercise)
2023-04-03T08:48:53.462+02:00  INFO 14040 --- [main] c.e.o.OrderExerciseApplication           : No active profile set, falling back to 1 default profile: "default"
2023-04-03T08:48:54.512+02:00  INFO 14040 --- [main] o.s.b.w.embedded.tomcat.TomcatWebServer  : Tomcat initialized with port(s): 8080 (http)
2023-04-03T08:48:54.522+02:00  INFO 14040 --- [main] o.apache.catalina.core.StandardService   : Starting service [Tomcat]
2023-04-03T08:48:54.523+02:00  INFO 14040 --- [main] o.apache.catalina.core.StandardEngine    : Starting Servlet engine: [Apache Tomcat/10.1.7]
2023-04-03T08:48:54.601+02:00  INFO 14040 --- [main] o.a.c.c.C.[Tomcat].[localhost].[/]       : Initializing Spring embedded WebApplicationContext
2023-04-03T08:48:54.601+02:00  INFO 14040 --- [main] w.s.c.ServletWebServerApplicationContext : Root WebApplicationContext: initialization completed in 1099 ms
2023-04-03T08:48:54.647+02:00  WARN 14040 --- [main] c.e.o.repository.UserRepository          : Dummy00 item - only for debugging purposes Warhammer: Crimson Fists
2023-04-03T08:48:54.647+02:00  WARN 14040 --- [main] c.e.o.repository.UserRepository          : Dummy01 item - only for debugging purposes Batman: The Long Halloween
2023-04-03T08:48:54.647+02:00  WARN 14040 --- [main] c.e.o.repository.UserRepository          : Dummy02 item - only for debugging purposes The Dwarves: Triumph
2023-04-03T08:48:54.660+02:00  WARN 14040 --- [main] c.e.o.repository.UserRepository          : Admin mail - only for debugging purposes pieter@mail.com
2023-04-03T08:48:54.660+02:00  WARN 14040 --- [main] c.e.o.repository.UserRepository          : Dummy00 mail - only for debugging purposes dummy00@mail.com
2023-04-03T08:48:54.660+02:00  WARN 14040 --- [main] c.e.o.repository.UserRepository          : Dummy00 mail - only for debugging purposes dummy01@mail.com
2023-04-03T08:48:55.341+02:00  INFO 14040 --- [main] o.s.b.w.embedded.tomcat.TomcatWebServer  : Tomcat started on port(s): 8080 (http) with context path ''
2023-04-03T08:48:55.350+02:00  INFO 14040 --- [main] c.e.o.OrderExerciseApplication           : Started OrderExerciseApplication in 2.285 seconds (process running for 3.042)
2023-04-03T08:48:57.330+02:00  INFO 14040 --- [http-nio-8080-exec-1] o.a.c.c.C.[Tomcat].[localhost].[/]       : Initializing Spring DispatcherServlet 'dispatcherServlet'
2023-04-03T08:48:57.331+02:00  INFO 14040 --- [http-nio-8080-exec-1] o.s.web.servlet.DispatcherServlet        : Initializing Servlet 'dispatcherServlet'
2023-04-03T08:48:57.332+02:00  INFO 14040 --- [http-nio-8080-exec-1] o.s.web.servlet.DispatcherServlet        : Completed initialization in 1 ms
2023-04-03T08:48:57.630+02:00  WARN 14040 --- [http-nio-8080-exec-5] ocalVariableTableParameterNameDiscoverer : Using deprecated '-debug' fallback for parameter name resolution. Compile the affected code with '-parameters' instead or avoid its introspection: com.example.order_exercise.controller.UserController
2023-04-03T08:48:57.710+02:00  WARN 14040 --- [http-nio-8080-exec-5] ocalVariableTableParameterNameDiscoverer : Using deprecated '-debug' fallback for parameter name resolution. Compile the affected code with '-parameters' instead or avoid its introspection: com.example.order_exercise.controller.ItemController
2023-04-03T08:48:57.749+02:00  WARN 14040 --- [http-nio-8080-exec-5] ocalVariableTableParameterNameDiscoverer : Using deprecated '-debug' fallback for parameter name resolution. Compile the affected code with '-parameters' instead or avoid its introspection: com.example.order_exercise.controller.OrderController
2023-04-03T08:48:57.789+02:00  WARN 14040 --- [http-nio-8080-exec-5] ocalVariableTableParameterNameDiscoverer : Using deprecated '-debug' fallback for parameter name resolution. Compile the affected code with '-parameters' instead or avoid its introspection: com.example.order_exercise.controller.LoginController
2023-04-03T08:48:57.822+02:00  INFO 14040 --- [http-nio-8080-exec-5] o.springdoc.api.AbstractOpenApiResource  : Init duration for springdoc-openapi is: 263 ms
2023-04-03T08:49:20.448+02:00 ERROR 14040 --- [http-nio-8080-exec-6] c.e.o.repository.UserRepository          : Not a valid command
2023-04-03T08:49:53.793+02:00  INFO 14040 --- [http-nio-8080-exec-8] c.e.o.repository.UserRepository          : Valid command
2023-04-03T08:50:11.984+02:00  INFO 14040 --- [http-nio-8080-exec-9] c.e.o.repository.UserRepository          : Valid command
2023-04-03T08:50:23.509+02:00  INFO 14040 --- [http-nio-8080-exec-10] c.e.o.repository.UserRepository          : Valid command
2023-04-03T08:52:09.128+02:00  INFO 14040 --- [http-nio-8080-exec-2] c.e.o.repository.UserRepository          : Valid command
2023-04-03T08:52:28.880+02:00  INFO 14040 --- [http-nio-8080-exec-4] c.e.o.repository.UserRepository          : Valid command
2023-04-03T08:53:38.046+02:00  INFO 14040 --- [http-nio-8080-exec-5] c.e.o.repository.UserRepository          : Valid command
2023-04-03T08:53:38.046+02:00  WARN 14040 --- [http-nio-8080-exec-5] c.e.o.repository.UserRepository          : Optional[com.example.order_exercise.domain.Item@1d5534d2] error with findbyID
2023-04-03T08:54:32.931+02:00  INFO 14040 --- [http-nio-8080-exec-6] c.e.o.repository.UserRepository          : Valid command
2023-04-03T08:55:01.890+02:00  INFO 14040 --- [http-nio-8080-exec-7] c.e.o.repository.UserRepository          : Valid command
2023-04-03T08:55:17.537+02:00  INFO 14040 --- [http-nio-8080-exec-8] c.e.o.repository.UserRepository          : Valid command
2023-04-03T08:55:17.538+02:00  WARN 14040 --- [http-nio-8080-exec-8] c.e.o.repository.UserRepository          : Optional[com.example.order_exercise.domain.Item@6d9f0d50] error with findbyID
2023-04-03T08:57:05.664+02:00  INFO 14040 --- [http-nio-8080-exec-10] c.e.o.repository.UserRepository          : Valid command
2023-04-03T08:57:05.664+02:00  WARN 14040 --- [http-nio-8080-exec-10] c.e.o.repository.UserRepository          : Optional[com.example.order_exercise.domain.Item@6d9f0d50] error with findbyID
2023-04-03T08:57:56.456+02:00  INFO 14040 --- [http-nio-8080-exec-1] c.e.o.repository.UserRepository          : Valid command
2023-04-03T08:58:05.351+02:00  INFO 14040 --- [http-nio-8080-exec-2] c.e.o.repository.UserRepository          : Valid command
2023-04-03T08:58:30.034+02:00  INFO 14040 --- [http-nio-8080-exec-4] c.e.o.repository.UserRepository          : Valid command
2023-04-03T08:58:30.034+02:00  WARN 14040 --- [http-nio-8080-exec-4] c.e.o.repository.UserRepository          : Optional[com.example.order_exercise.domain.Item@6d9f0d50] error with findbyID
2023-04-03T08:58:40.021+02:00  INFO 14040 --- [http-nio-8080-exec-3] c.e.o.repository.UserRepository          : Valid command
2023-04-03T08:59:18.524+02:00  INFO 14040 --- [http-nio-8080-exec-5] c.e.o.repository.UserRepository          : Valid command
2023-04-03T08:59:18.524+02:00  WARN 14040 --- [http-nio-8080-exec-5] c.e.o.repository.UserRepository          : Optional[com.example.order_exercise.domain.Item@6d9f0d50] error with findbyID
2023-04-03T08:59:42.831+02:00  INFO 14040 --- [http-nio-8080-exec-6] c.e.o.repository.UserRepository          : Valid command
2023-04-03T08:59:42.831+02:00  WARN 14040 --- [http-nio-8080-exec-6] c.e.o.repository.UserRepository          : Optional[com.example.order_exercise.domain.Item@6d9f0d50] error with findbyID
2023-04-03T09:00:02.621+02:00  INFO 14040 --- [http-nio-8080-exec-7] c.e.o.repository.UserRepository          : Valid command
2023-04-03T09:00:02.621+02:00  WARN 14040 --- [http-nio-8080-exec-7] c.e.o.repository.UserRepository          : Optional[com.example.order_exercise.domain.Item@6d9f0d50] error with findbyID
2023-04-03T09:01:21.788+02:00  INFO 14040 --- [http-nio-8080-exec-9] c.e.o.repository.UserRepository          : Valid command
2023-04-03T09:01:21.789+02:00  WARN 14040 --- [http-nio-8080-exec-9] c.e.o.repository.UserRepository          : Optional[com.example.order_exercise.domain.Item@1d5534d2] error with findbyID
2023-04-03T09:01:27.734+02:00  INFO 14040 --- [http-nio-8080-exec-10] c.e.o.repository.UserRepository          : Valid command
2023-04-03T09:35:41.337+02:00  INFO 20292 --- [main] c.e.o.OrderExerciseApplication           : Starting OrderExerciseApplication using Java 19.0.2 with PID 20292 (C:\Users\ppauwelb\IdeaProjects\Order_Exercise\target\classes started by ppauwelb in C:\Users\ppauwelb\IdeaProjects\Order_Exercise)
2023-04-03T09:35:41.340+02:00  INFO 20292 --- [main] c.e.o.OrderExerciseApplication           : No active profile set, falling back to 1 default profile: "default"
2023-04-03T09:35:42.489+02:00  INFO 20292 --- [main] o.s.b.w.embedded.tomcat.TomcatWebServer  : Tomcat initialized with port(s): 8080 (http)
2023-04-03T09:35:42.496+02:00  INFO 20292 --- [main] o.apache.catalina.core.StandardService   : Starting service [Tomcat]
2023-04-03T09:35:42.497+02:00  INFO 20292 --- [main] o.apache.catalina.core.StandardEngine    : Starting Servlet engine: [Apache Tomcat/10.1.7]
2023-04-03T09:35:42.564+02:00  INFO 20292 --- [main] o.a.c.c.C.[Tomcat].[localhost].[/]       : Initializing Spring embedded WebApplicationContext
2023-04-03T09:35:42.564+02:00  INFO 20292 --- [main] w.s.c.ServletWebServerApplicationContext : Root WebApplicationContext: initialization completed in 1183 ms
2023-04-03T09:35:42.616+02:00  WARN 20292 --- [main] c.e.o.repository.UserRepository          : Dummy00 item - only for debugging purposes Warhammer: Crimson Fists
2023-04-03T09:35:42.616+02:00  WARN 20292 --- [main] c.e.o.repository.UserRepository          : Dummy01 item - only for debugging purposes Batman: The Long Halloween
2023-04-03T09:35:42.616+02:00  WARN 20292 --- [main] c.e.o.repository.UserRepository          : Dummy02 item - only for debugging purposes The Dwarves: Triumph
2023-04-03T09:35:42.630+02:00  WARN 20292 --- [main] c.e.o.repository.UserRepository          : Admin mail - only for debugging purposes pieter@mail.com
2023-04-03T09:35:42.631+02:00  WARN 20292 --- [main] c.e.o.repository.UserRepository          : Dummy00 mail - only for debugging purposes dummy00@mail.com
2023-04-03T09:35:42.631+02:00  WARN 20292 --- [main] c.e.o.repository.UserRepository          : Dummy00 mail - only for debugging purposes dummy01@mail.com
2023-04-03T09:35:43.250+02:00  INFO 20292 --- [main] o.s.b.w.embedded.tomcat.TomcatWebServer  : Tomcat started on port(s): 8080 (http) with context path ''
2023-04-03T09:35:43.257+02:00  INFO 20292 --- [main] c.e.o.OrderExerciseApplication           : Started OrderExerciseApplication in 2.26 seconds (process running for 2.893)
2023-04-03T09:36:27.294+02:00  INFO 20292 --- [http-nio-8080-exec-1] o.a.c.c.C.[Tomcat].[localhost].[/]       : Initializing Spring DispatcherServlet 'dispatcherServlet'
2023-04-03T09:36:27.295+02:00  INFO 20292 --- [http-nio-8080-exec-1] o.s.web.servlet.DispatcherServlet        : Initializing Servlet 'dispatcherServlet'
2023-04-03T09:36:27.295+02:00  INFO 20292 --- [http-nio-8080-exec-1] o.s.web.servlet.DispatcherServlet        : Completed initialization in 0 ms
2023-04-03T09:36:27.838+02:00  WARN 20292 --- [http-nio-8080-exec-4] ocalVariableTableParameterNameDiscoverer : Using deprecated '-debug' fallback for parameter name resolution. Compile the affected code with '-parameters' instead or avoid its introspection: com.example.order_exercise.controller.ItemController
2023-04-03T09:36:27.940+02:00  WARN 20292 --- [http-nio-8080-exec-4] ocalVariableTableParameterNameDiscoverer : Using deprecated '-debug' fallback for parameter name resolution. Compile the affected code with '-parameters' instead or avoid its introspection: com.example.order_exercise.controller.UserController
2023-04-03T09:36:27.972+02:00  WARN 20292 --- [http-nio-8080-exec-4] ocalVariableTableParameterNameDiscoverer : Using deprecated '-debug' fallback for parameter name resolution. Compile the affected code with '-parameters' instead or avoid its introspection: com.example.order_exercise.controller.OrderController
2023-04-03T09:36:28.000+02:00  WARN 20292 --- [http-nio-8080-exec-4] ocalVariableTableParameterNameDiscoverer : Using deprecated '-debug' fallback for parameter name resolution. Compile the affected code with '-parameters' instead or avoid its introspection: com.example.order_exercise.controller.LoginController
2023-04-03T09:36:28.012+02:00  INFO 20292 --- [http-nio-8080-exec-4] o.springdoc.api.AbstractOpenApiResource  : Init duration for springdoc-openapi is: 504 ms
2023-04-03T09:36:53.134+02:00 ERROR 20292 --- [http-nio-8080-exec-5] c.e.o.repository.UserRepository          : Not a valid command
2023-04-03T09:37:27.731+02:00  INFO 20292 --- [http-nio-8080-exec-7] c.e.o.repository.UserRepository          : Valid command
2023-04-03T09:38:43.559+02:00  WARN 20292 --- [http-nio-8080-exec-9] c.e.o.repository.UserRepository          : Optional[com.example.order_exercise.domain.Item@3c2132e] error with findbyID
2023-04-03T09:38:49.257+02:00  INFO 20292 --- [http-nio-8080-exec-10] c.e.o.repository.UserRepository          : Valid command
2023-04-03T12:13:10.436+02:00  INFO 11256 --- [main] c.e.o.OrderExerciseApplication           : Starting OrderExerciseApplication using Java 19.0.2 with PID 11256 (C:\Users\ppauwelb\IdeaProjects\Order_Exercise\target\classes started by ppauwelb in C:\Users\ppauwelb\IdeaProjects\Order_Exercise)
2023-04-03T12:13:10.438+02:00  INFO 11256 --- [main] c.e.o.OrderExerciseApplication           : No active profile set, falling back to 1 default profile: "default"
2023-04-03T12:13:11.692+02:00  INFO 11256 --- [main] o.s.b.w.embedded.tomcat.TomcatWebServer  : Tomcat initialized with port(s): 8080 (http)
2023-04-03T12:13:11.699+02:00  INFO 11256 --- [main] o.apache.catalina.core.StandardService   : Starting service [Tomcat]
2023-04-03T12:13:11.699+02:00  INFO 11256 --- [main] o.apache.catalina.core.StandardEngine    : Starting Servlet engine: [Apache Tomcat/10.1.7]
2023-04-03T12:13:11.774+02:00  INFO 11256 --- [main] o.a.c.c.C.[Tomcat].[localhost].[/]       : Initializing Spring embedded WebApplicationContext
2023-04-03T12:13:11.774+02:00  INFO 11256 --- [main] w.s.c.ServletWebServerApplicationContext : Root WebApplicationContext: initialization completed in 1298 ms
2023-04-03T12:13:11.817+02:00  WARN 11256 --- [main] c.e.o.repository.UserRepository          : Dummy00 item - only for debugging purposes Warhammer: Crimson Fists
2023-04-03T12:13:11.817+02:00  WARN 11256 --- [main] c.e.o.repository.UserRepository          : Dummy01 item - only for debugging purposes Batman: The Long Halloween
2023-04-03T12:13:11.817+02:00  WARN 11256 --- [main] c.e.o.repository.UserRepository          : Dummy02 item - only for debugging purposes The Dwarves: Triumph
2023-04-03T12:13:11.831+02:00  WARN 11256 --- [main] c.e.o.repository.UserRepository          : Admin mail - only for debugging purposes pieter@mail.com
2023-04-03T12:13:11.832+02:00  WARN 11256 --- [main] c.e.o.repository.UserRepository          : Dummy00 mail - only for debugging purposes dummy00@mail.com
2023-04-03T12:13:11.832+02:00  WARN 11256 --- [main] c.e.o.repository.UserRepository          : Dummy00 mail - only for debugging purposes dummy01@mail.com
2023-04-03T12:13:12.451+02:00  INFO 11256 --- [main] o.s.b.w.embedded.tomcat.TomcatWebServer  : Tomcat started on port(s): 8080 (http) with context path ''
2023-04-03T12:13:12.459+02:00  INFO 11256 --- [main] c.e.o.OrderExerciseApplication           : Started OrderExerciseApplication in 2.387 seconds (process running for 3.065)
2023-04-03T12:13:21.061+02:00  INFO 11256 --- [http-nio-8080-exec-1] o.a.c.c.C.[Tomcat].[localhost].[/]       : Initializing Spring DispatcherServlet 'dispatcherServlet'
2023-04-03T12:13:21.061+02:00  INFO 11256 --- [http-nio-8080-exec-1] o.s.web.servlet.DispatcherServlet        : Initializing Servlet 'dispatcherServlet'
2023-04-03T12:13:21.062+02:00  INFO 11256 --- [http-nio-8080-exec-1] o.s.web.servlet.DispatcherServlet        : Completed initialization in 1 ms
2023-04-03T12:13:21.355+02:00  WARN 11256 --- [http-nio-8080-exec-4] ocalVariableTableParameterNameDiscoverer : Using deprecated '-debug' fallback for parameter name resolution. Compile the affected code with '-parameters' instead or avoid its introspection: com.example.order_exercise.controller.ItemController
2023-04-03T12:13:21.459+02:00  WARN 11256 --- [http-nio-8080-exec-4] ocalVariableTableParameterNameDiscoverer : Using deprecated '-debug' fallback for parameter name resolution. Compile the affected code with '-parameters' instead or avoid its introspection: com.example.order_exercise.controller.UserController
2023-04-03T12:13:21.507+02:00  WARN 11256 --- [http-nio-8080-exec-4] ocalVariableTableParameterNameDiscoverer : Using deprecated '-debug' fallback for parameter name resolution. Compile the affected code with '-parameters' instead or avoid its introspection: com.example.order_exercise.controller.OrderController
2023-04-03T12:13:21.544+02:00  WARN 11256 --- [http-nio-8080-exec-4] ocalVariableTableParameterNameDiscoverer : Using deprecated '-debug' fallback for parameter name resolution. Compile the affected code with '-parameters' instead or avoid its introspection: com.example.order_exercise.controller.LoginController
2023-04-03T12:13:21.556+02:00  INFO 11256 --- [http-nio-8080-exec-4] o.springdoc.api.AbstractOpenApiResource  : Init duration for springdoc-openapi is: 274 ms
2023-04-03T12:14:03.774+02:00 ERROR 11256 --- [http-nio-8080-exec-5] c.e.o.repository.UserRepository          : Not a valid command
2023-04-03T12:14:35.346+02:00  INFO 11256 --- [http-nio-8080-exec-7] c.e.o.repository.UserRepository          : Valid command
2023-04-03T12:14:35.347+02:00  WARN 11256 --- [http-nio-8080-exec-7] c.e.o.repository.UserRepository          : Optional[com.example.order_exercise.domain.Item@70bdda58] error with findbyID
2023-04-03T12:14:46.587+02:00  INFO 11256 --- [http-nio-8080-exec-8] c.e.o.repository.UserRepository          : Valid command
2023-04-03T12:14:46.588+02:00  WARN 11256 --- [http-nio-8080-exec-8] c.e.o.repository.UserRepository          : Optional[com.example.order_exercise.domain.Item@5873d43d] error with findbyID
2023-04-03T12:15:00.439+02:00  INFO 11256 --- [http-nio-8080-exec-9] c.e.o.repository.UserRepository          : Valid command
2023-04-03T12:15:31.100+02:00  INFO 11256 --- [http-nio-8080-exec-10] c.e.o.repository.UserRepository          : Valid command
2023-04-03T12:18:55.630+02:00  INFO 11228 --- [main] c.e.o.OrderExerciseApplication           : Starting OrderExerciseApplication using Java 19.0.2 with PID 11228 (C:\Users\ppauwelb\IdeaProjects\Order_Exercise\target\classes started by ppauwelb in C:\Users\ppauwelb\IdeaProjects\Order_Exercise)
2023-04-03T12:18:55.633+02:00  INFO 11228 --- [main] c.e.o.OrderExerciseApplication           : No active profile set, falling back to 1 default profile: "default"
2023-04-03T12:18:56.463+02:00  INFO 11228 --- [main] o.s.b.w.embedded.tomcat.TomcatWebServer  : Tomcat initialized with port(s): 8080 (http)
2023-04-03T12:18:56.471+02:00  INFO 11228 --- [main] o.apache.catalina.core.StandardService   : Starting service [Tomcat]
2023-04-03T12:18:56.471+02:00  INFO 11228 --- [main] o.apache.catalina.core.StandardEngine    : Starting Servlet engine: [Apache Tomcat/10.1.7]
2023-04-03T12:18:56.541+02:00  INFO 11228 --- [main] o.a.c.c.C.[Tomcat].[localhost].[/]       : Initializing Spring embedded WebApplicationContext
2023-04-03T12:18:56.542+02:00  INFO 11228 --- [main] w.s.c.ServletWebServerApplicationContext : Root WebApplicationContext: initialization completed in 867 ms
2023-04-03T12:18:56.584+02:00  WARN 11228 --- [main] c.e.o.repository.UserRepository          : Dummy00 item - only for debugging purposes Warhammer: Crimson Fists
2023-04-03T12:18:56.585+02:00  WARN 11228 --- [main] c.e.o.repository.UserRepository          : Dummy01 item - only for debugging purposes Batman: The Long Halloween
2023-04-03T12:18:56.585+02:00  WARN 11228 --- [main] c.e.o.repository.UserRepository          : Dummy02 item - only for debugging purposes The Dwarves: Triumph
2023-04-03T12:18:56.597+02:00  WARN 11228 --- [main] c.e.o.repository.UserRepository          : Admin mail - only for debugging purposes pieter@mail.com
2023-04-03T12:18:56.597+02:00  WARN 11228 --- [main] c.e.o.repository.UserRepository          : Dummy00 mail - only for debugging purposes dummy00@mail.com
2023-04-03T12:18:56.597+02:00  WARN 11228 --- [main] c.e.o.repository.UserRepository          : Dummy00 mail - only for debugging purposes dummy01@mail.com
2023-04-03T12:18:57.207+02:00  INFO 11228 --- [main] o.s.b.w.embedded.tomcat.TomcatWebServer  : Tomcat started on port(s): 8080 (http) with context path ''
2023-04-03T12:18:57.216+02:00  INFO 11228 --- [main] c.e.o.OrderExerciseApplication           : Started OrderExerciseApplication in 1.983 seconds (process running for 2.572)
2023-04-03T12:19:02.939+02:00  INFO 11228 --- [http-nio-8080-exec-1] o.a.c.c.C.[Tomcat].[localhost].[/]       : Initializing Spring DispatcherServlet 'dispatcherServlet'
2023-04-03T12:19:02.939+02:00  INFO 11228 --- [http-nio-8080-exec-1] o.s.web.servlet.DispatcherServlet        : Initializing Servlet 'dispatcherServlet'
2023-04-03T12:19:02.940+02:00  INFO 11228 --- [http-nio-8080-exec-1] o.s.web.servlet.DispatcherServlet        : Completed initialization in 1 ms
2023-04-03T12:19:03.318+02:00  WARN 11228 --- [http-nio-8080-exec-4] ocalVariableTableParameterNameDiscoverer : Using deprecated '-debug' fallback for parameter name resolution. Compile the affected code with '-parameters' instead or avoid its introspection: com.example.order_exercise.controller.ItemController
2023-04-03T12:19:03.432+02:00  WARN 11228 --- [http-nio-8080-exec-4] ocalVariableTableParameterNameDiscoverer : Using deprecated '-debug' fallback for parameter name resolution. Compile the affected code with '-parameters' instead or avoid its introspection: com.example.order_exercise.controller.UserController
2023-04-03T12:19:03.481+02:00  WARN 11228 --- [http-nio-8080-exec-4] ocalVariableTableParameterNameDiscoverer : Using deprecated '-debug' fallback for parameter name resolution. Compile the affected code with '-parameters' instead or avoid its introspection: com.example.order_exercise.controller.OrderController
2023-04-03T12:19:03.517+02:00  WARN 11228 --- [http-nio-8080-exec-4] ocalVariableTableParameterNameDiscoverer : Using deprecated '-debug' fallback for parameter name resolution. Compile the affected code with '-parameters' instead or avoid its introspection: com.example.order_exercise.controller.LoginController
2023-04-03T12:19:03.536+02:00  INFO 11228 --- [http-nio-8080-exec-4] o.springdoc.api.AbstractOpenApiResource  : Init duration for springdoc-openapi is: 319 ms
2023-04-03T12:19:43.218+02:00  INFO 11228 --- [http-nio-8080-exec-6] c.e.o.repository.UserRepository          : Valid command
2023-04-03T12:19:43.218+02:00  WARN 11228 --- [http-nio-8080-exec-6] c.e.o.repository.UserRepository          : Optional[com.example.order_exercise.domain.Item@1d6ab5d4] error with findbyID
2023-04-03T12:19:53.373+02:00  INFO 11228 --- [http-nio-8080-exec-7] c.e.o.repository.UserRepository          : Valid command
2023-04-03T12:21:33.576+02:00  INFO 11228 --- [http-nio-8080-exec-9] c.e.o.repository.UserRepository          : Valid command
2023-04-03T12:21:45.232+02:00  INFO 11228 --- [http-nio-8080-exec-10] c.e.o.repository.UserRepository          : Valid command
2023-04-03T12:21:59.005+02:00  INFO 11228 --- [http-nio-8080-exec-1] c.e.o.repository.UserRepository          : Valid command
2023-04-03T12:22:18.467+02:00 ERROR 11228 --- [http-nio-8080-exec-2] c.e.o.repository.UserRepository          : Not a valid command
2023-04-03T12:22:52.585+02:00  INFO 11228 --- [http-nio-8080-exec-4] c.e.o.repository.UserRepository          : Valid command
2023-04-03T12:23:15.913+02:00  INFO 11228 --- [http-nio-8080-exec-5] c.e.o.repository.UserRepository          : Valid command
2023-04-03T12:23:27.216+02:00  INFO 11228 --- [http-nio-8080-exec-6] c.e.o.repository.UserRepository          : Valid command
2023-04-03T12:23:35.922+02:00  INFO 11228 --- [http-nio-8080-exec-7] c.e.o.repository.UserRepository          : Valid command
2023-04-03T12:23:35.922+02:00  WARN 11228 --- [http-nio-8080-exec-7] c.e.o.repository.UserRepository          : OrderPrice 01 - in Calculator before for 0.0
2023-04-03T12:23:35.922+02:00  WARN 11228 --- [http-nio-8080-exec-7] c.e.o.repository.UserRepository          : OrderPrice 02 - in Calculator in for 20.0
2023-04-03T12:23:35.922+02:00  WARN 11228 --- [http-nio-8080-exec-7] c.e.o.repository.UserRepository          : OrderPrice 03 - in Calculator after for 20.0
2023-04-03T12:23:35.922+02:00  WARN 11228 --- [http-nio-8080-exec-7] c.e.o.repository.UserRepository          : OrderPrice 00 - in Constructor 20.0
